[0918/173133.478:ERROR:process_reader_win.cc(242)] ReadMemory at 0x7ff6371f0000 of 64 bytes failed: ReadProcessMemory ¶Ç´Â WriteProcessMemoryÀÇ ÀÏºÎ ÀÛ¾÷¸¸À» ¸¶ÃÆ½À´Ï´Ù. (0x12B)
[0918/173133.481:WARNING:pe_image_reader.cc(302)] could not read dos header from C:\Program Files (x86)\Google\Chrome\Application\chrome.exe
[0918/173133.481:ERROR:process_reader_win.cc(242)] ReadMemory at 0x7ffae4270000 of 64 bytes failed: ReadProcessMemory ¶Ç´Â WriteProcessMemoryÀÇ ÀÏºÎ ÀÛ¾÷¸¸À» ¸¶ÃÆ½À´Ï´Ù. (0x12B)
[0918/173133.481:WARNING:pe_image_reader.cc(302)] could not read dos header from C:\WINDOWS\SYSTEM32\ntdll.dll
[0918/173133.481:ERROR:process_reader_win.cc(242)] ReadMemory at 0x7ffac3de0000 of 64 bytes failed: ReadProcessMemory ¶Ç´Â WriteProcessMemoryÀÇ ÀÏºÎ ÀÛ¾÷¸¸À» ¸¶ÃÆ½À´Ï´Ù. (0x12B)
[0918/173133.482:WARNING:pe_image_reader.cc(302)] could not read dos header from C:\Program Files\AVAST Software\Avast\x64\aswhooka.dll
[0918/173133.482:ERROR:process_reader_win.cc(242)] ReadMemory at 0x7ffad8470000 of 64 bytes failed: ReadProcessMemory ¶Ç´Â WriteProcessMemoryÀÇ ÀÏºÎ ÀÛ¾÷¸¸À» ¸¶ÃÆ½À´Ï´Ù. (0x12B)
[0918/173133.482:WARNING:pe_image_reader.cc(302)] could not read dos header from C:\Program Files\AVAST Software\Avast\snxhk64.dll
[0918/173133.482:ERROR:process_reader_win.cc(242)] ReadMemory at 0x7ffae4180000 of 64 bytes failed: ReadProcessMemory ¶Ç´Â WriteProcessMemoryÀÇ ÀÏºÎ ÀÛ¾÷¸¸À» ¸¶ÃÆ½À´Ï´Ù. (0x12B)
[0918/173133.482:WARNING:pe_image_reader.cc(302)] could not read dos header from C:\WINDOWS\System32\KERNEL32.dll
[0918/173133.482:ERROR:process_reader_win.cc(242)] ReadMemory at 0x7ffae0640000 of 64 bytes failed: ReadProcessMemory ¶Ç´Â WriteProcessMemoryÀÇ ÀÏºÎ ÀÛ¾÷¸¸À» ¸¶ÃÆ½À´Ï´Ù. (0x12B)
[0918/173133.483:WARNING:pe_image_reader.cc(302)] could not read dos header from C:\WINDOWS\System32\KERNELBASE.dll
[0918/173133.483:ERROR:process_reader_win.cc(242)] ReadMemory at 0x7ffadde80000 of 64 bytes failed: ReadProcessMemory ¶Ç´Â WriteProcessMemoryÀÇ ÀÏºÎ ÀÛ¾÷¸¸À» ¸¶ÃÆ½À´Ï´Ù. (0x12B)
[0918/173133.483:WARNING:pe_image_reader.cc(302)] could not read dos header from C:\WINDOWS\SYSTEM32\apphelp.dll
[0918/173133.483:ERROR:process_reader_win.cc(242)] ReadMemory at 0x7ffae1b90000 of 64 bytes failed: ReadProcessMemory ¶Ç´Â WriteProcessMemoryÀÇ ÀÏºÎ ÀÛ¾÷¸¸À» ¸¶ÃÆ½À´Ï´Ù. (0x12B)
[0918/173133.483:WARNING:pe_image_reader.cc(302)] could not read dos header from C:\WINDOWS\System32\SHELL32.dll
[0918/173133.483:ERROR:process_reader_win.cc(242)] ReadMemory at 0x7ffae3650000 of 64 bytes failed: ReadProcessMemory ¶Ç´Â WriteProcessMemoryÀÇ ÀÏºÎ ÀÛ¾÷¸¸À» ¸¶ÃÆ½À´Ï´Ù. (0x12B)
[0918/173133.483:WARNING:pe_image_reader.cc(302)] could not read dos header from C:\WINDOWS\System32\msvcrt.dll
[0918/173133.483:ERROR:process_reader_win.cc(242)] ReadMemory at 0x7ffae08c0000 of 64 bytes failed: ReadProcessMemory ¶Ç´Â WriteProcessMemoryÀÇ ÀÏºÎ ÀÛ¾÷¸¸À» ¸¶ÃÆ½À´Ï´Ù. (0x12B)
[0918/173133.483:WARNING:pe_image_reader.cc(302)] could not read dos header from C:\WINDOWS\System32\cfgmgr32.dll
[0918/173133.483:ERROR:process_reader_win.cc(242)] ReadMemory at 0x7ffae0c10000 of 64 bytes failed: ReadProcessMemory ¶Ç´Â WriteProcessMemoryÀÇ ÀÏºÎ ÀÛ¾÷¸¸À» ¸¶ÃÆ½À´Ï´Ù. (0x12B)
[0918/173133.483:WARNING:pe_image_reader.cc(302)] could not read dos header from C:\WINDOWS\System32\ucrtbase.dll
[0918/173133.483:ERROR:process_reader_win.cc(242)] ReadMemory at 0x7ffae30d0000 of 64 bytes failed: ReadProcessMemory ¶Ç´Â WriteProcessMemoryÀÇ ÀÏºÎ ÀÛ¾÷¸¸À» ¸¶ÃÆ½À´Ï´Ù. (0x12B)
[0918/173133.483:WARNING:pe_image_reader.cc(302)] could not read dos header from C:\WINDOWS\System32\shcore.dll
[0918/173133.483:ERROR:process_reader_win.cc(242)] ReadMemory at 0x7ffae3180000 of 64 bytes failed: ReadProcessMemory ¶Ç´Â WriteProcessMemoryÀÇ ÀÏºÎ ÀÛ¾÷¸¸À» ¸¶ÃÆ½À´Ï´Ù. (0x12B)
[0918/173133.483:WARNING:pe_image_reader.cc(302)] could not read dos header from C:\WINDOWS\System32\RPCRT4.dll
[0918/173133.483:ERROR:process_reader_win.cc(242)] ReadMemory at 0x7ffae3310000 of 64 bytes failed: ReadProcessMemory ¶Ç´Â WriteProcessMemoryÀÇ ÀÏºÎ ÀÛ¾÷¸¸À» ¸¶ÃÆ½À´Ï´Ù. (0x12B)
[0918/173133.483:WARNING:pe_image_reader.cc(302)] could not read dos header from C:\WINDOWS\System32\combase.dll
[0918/173133.483:ERROR:process_reader_win.cc(242)] ReadMemory at 0x7ffae15c0000 of 64 bytes failed: ReadProcessMemory ¶Ç´Â WriteProcessMemoryÀÇ ÀÏºÎ ÀÛ¾÷¸¸À» ¸¶ÃÆ½À´Ï´Ù. (0x12B)
[0918/173133.483:WARNING:pe_image_reader.cc(302)] could not read dos header from C:\WINDOWS\System32\bcryptPrimitives.dll
[0918/173133.483:ERROR:process_reader_win.cc(242)] ReadMemory at 0x7ffae0eb0000 of 64 bytes failed: ReadProcessMemory ¶Ç´Â WriteProcessMemoryÀÇ ÀÏºÎ ÀÛ¾÷¸¸À» ¸¶ÃÆ½À´Ï´Ù. (0x12B)
[0918/173133.483:WARNING:pe_image_reader.cc(302)] could not read dos header from C:\WINDOWS\System32\windows.storage.dll
[0918/173133.484:ERROR:process_reader_win.cc(242)] ReadMemory at 0x7ffae38c0000 of 64 bytes failed: ReadProcessMemory ¶Ç´Â WriteProcessMemoryÀÇ ÀÏºÎ ÀÛ¾÷¸¸À» ¸¶ÃÆ½À´Ï´Ù. (0x12B)
[0918/173133.484:WARNING:pe_image_reader.cc(302)] could not read dos header from C:\WINDOWS\System32\advapi32.dll
[0918/173133.484:ERROR:process_reader_win.cc(242)] ReadMemory at 0x7ffae1700000 of 64 bytes failed: ReadProcessMemory ¶Ç´Â WriteProcessMemoryÀÇ ÀÏºÎ ÀÛ¾÷¸¸À» ¸¶ÃÆ½À´Ï´Ù. (0x12B)
[0918/173133.484:WARNING:pe_image_reader.cc(302)] could not read dos header from C:\WINDOWS\System32\sechost.dll
[0918/173133.484:ERROR:process_reader_win.cc(242)] ReadMemory at 0x7ffae3850000 of 64 bytes failed: ReadProcessMemory ¶Ç´Â WriteProcessMemoryÀÇ ÀÏºÎ ÀÛ¾÷¸¸À» ¸¶ÃÆ½À´Ï´Ù. (0x12B)
[0918/173133.484:WARNING:pe_image_reader.cc(302)] could not read dos header from C:\WINDOWS\System32\shlwapi.dll
[0918/173133.484:ERROR:process_reader_win.cc(242)] ReadMemory at 0x7ffae3a80000 of 64 bytes failed: ReadProcessMemory ¶Ç´Â WriteProcessMemoryÀÇ ÀÏºÎ ÀÛ¾÷¸¸À» ¸¶ÃÆ½À´Ï´Ù. (0x12B)
[0918/173133.484:WARNING:pe_image_reader.cc(302)] could not read dos header from C:\WINDOWS\System32\GDI32.dll
[0918/173133.484:ERROR:process_reader_win.cc(242)] ReadMemory at 0x7ffae0d10000 of 64 bytes failed: ReadProcessMemory ¶Ç´Â WriteProcessMemoryÀÇ ÀÏºÎ ÀÛ¾÷¸¸À» ¸¶ÃÆ½À´Ï´Ù. (0x12B)
[0918/173133.484:WARNING:pe_image_reader.cc(302)] could not read dos header from C:\WINDOWS\System32\gdi32full.dll
[0918/173133.484:ERROR:process_reader_win.cc(242)] ReadMemory at 0x7ffae1660000 of 64 bytes failed: ReadProcessMemory ¶Ç´Â WriteProcessMemoryÀÇ ÀÏºÎ ÀÛ¾÷¸¸À» ¸¶ÃÆ½À´Ï´Ù. (0x12B)
[0918/173133.484:WARNING:pe_image_reader.cc(302)] could not read dos header from C:\WINDOWS\System32\msvcp_win.dll
[0918/173133.484:ERROR:process_reader_win.cc(242)] ReadMemory at 0x7ffae3ba0000 of 64 bytes failed: ReadProcessMemory ¶Ç´Â WriteProcessMemoryÀÇ ÀÏºÎ ÀÛ¾÷¸¸À» ¸¶ÃÆ½À´Ï´Ù. (0x12B)
[0918/173133.484:WARNING:pe_image_reader.cc(302)] could not read dos header from C:\WINDOWS\System32\USER32.dll
[0918/173133.484:ERROR:process_reader_win.cc(242)] ReadMemory at 0x7ffae1640000 of 64 bytes failed: ReadProcessMemory ¶Ç´Â WriteProcessMemoryÀÇ ÀÏºÎ ÀÛ¾÷¸¸À» ¸¶ÃÆ½À´Ï´Ù. (0x12B)
[0918/173133.484:WARNING:pe_image_reader.cc(302)] could not read dos header from C:\WINDOWS\System32\win32u.dll
[0918/173133.484:ERROR:process_reader_win.cc(242)] ReadMemory at 0x7ffae0580000 of 64 bytes failed: ReadProcessMemory ¶Ç´Â WriteProcessMemoryÀÇ ÀÏºÎ ÀÛ¾÷¸¸À» ¸¶ÃÆ½À´Ï´Ù. (0x12B)
[0918/173133.484:WARNING:pe_image_reader.cc(302)] could not read dos header from C:\WINDOWS\System32\kernel.appcore.dll
[0918/173133.484:ERROR:process_reader_win.cc(242)] ReadMemory at 0x7ffae05a0000 of 64 bytes failed: ReadProcessMemory ¶Ç´Â WriteProcessMemoryÀÇ ÀÏºÎ ÀÛ¾÷¸¸À» ¸¶ÃÆ½À´Ï´Ù. (0x12B)
[0918/173133.484:WARNING:pe_image_reader.cc(302)] could not read dos header from C:\WINDOWS\System32\profapi.dll
[0918/173133.484:ERROR:process_reader_win.cc(242)] ReadMemory at 0x7ffae05f0000 of 64 bytes failed: ReadProcessMemory ¶Ç´Â WriteProcessMemoryÀÇ ÀÏºÎ ÀÛ¾÷¸¸À» ¸¶ÃÆ½À´Ï´Ù. (0x12B)
[0918/173133.484:WARNING:pe_image_reader.cc(302)] could not read dos header from C:\WINDOWS\System32\powrprof.dll
[0918/173133.484:ERROR:process_reader_win.cc(242)] ReadMemory at 0x7ffae05c0000 of 64 bytes failed: ReadProcessMemory ¶Ç´Â WriteProcessMemoryÀÇ ÀÏºÎ ÀÛ¾÷¸¸À» ¸¶ÃÆ½À´Ï´Ù. (0x12B)
[0918/173133.484:WARNING:pe_image_reader.cc(302)] could not read dos header from C:\WINDOWS\System32\FLTLIB.DLL
[0918/173133.484:ERROR:process_reader_win.cc(242)] ReadMemory at 0x7ffae3640000 of 64 bytes failed: ReadProcessMemory ¶Ç´Â WriteProcessMemoryÀÇ ÀÏºÎ ÀÛ¾÷¸¸À» ¸¶ÃÆ½À´Ï´Ù. (0x12B)
[0918/173133.484:WARNING:pe_image_reader.cc(302)] could not read dos header from C:\WINDOWS\System32\PSAPI.DLL
[0918/173133.484:ERROR:process_reader_win.cc(242)] ReadMemory at 0x7ffac93f0000 of 64 bytes failed: ReadProcessMemory ¶Ç´Â WriteProcessMemoryÀÇ ÀÏºÎ ÀÛ¾÷¸¸À» ¸¶ÃÆ½À´Ï´Ù. (0x12B)
[0918/173133.484:WARNING:pe_image_reader.cc(302)] could not read dos header from C:\Program Files (x86)\Google\Chrome\Application\68.0.3440.106\chrome_elf.dll
[0918/173133.484:ERROR:process_reader_win.cc(242)] ReadMemory at 0x7ffad1a20000 of 64 bytes failed: ReadProcessMemory ¶Ç´Â WriteProcessMemoryÀÇ ÀÏºÎ ÀÛ¾÷¸¸À» ¸¶ÃÆ½À´Ï´Ù. (0x12B)
[0918/173133.484:WARNING:pe_image_reader.cc(302)] could not read dos header from C:\WINDOWS\SYSTEM32\VERSION.dll
[0918/173133.484:ERROR:process_reader_win.cc(242)] ReadMemory at 0x7ffad6d90000 of 64 bytes failed: ReadProcessMemory ¶Ç´Â WriteProcessMemoryÀÇ ÀÏºÎ ÀÛ¾÷¸¸À» ¸¶ÃÆ½À´Ï´Ù. (0x12B)
[0918/173133.484:WARNING:pe_image_reader.cc(302)] could not read dos header from C:\WINDOWS\SYSTEM32\WINMM.dll
[0918/173133.484:ERROR:process_reader_win.cc(242)] ReadMemory at 0x7ffae0480000 of 64 bytes failed: ReadProcessMemory ¶Ç´Â WriteProcessMemoryÀÇ ÀÏºÎ ÀÛ¾÷¸¸À» ¸¶ÃÆ½À´Ï´Ù. (0x12B)
[0918/173133.484:WARNING:pe_image_reader.cc(302)] could not read dos header from C:\WINDOWS\SYSTEM32\USERENV.dll
[0918/173133.484:ERROR:process_reader_win.cc(242)] ReadMemory at 0x7ffad92c0000 of 64 bytes failed: ReadProcessMemory ¶Ç´Â WriteProcessMemoryÀÇ ÀÏºÎ ÀÛ¾÷¸¸À» ¸¶ÃÆ½À´Ï´Ù. (0x12B)
[0918/173133.484:WARNING:pe_image_reader.cc(302)] could not read dos header from C:\WINDOWS\SYSTEM32\WINHTTP.dll
[0918/173133.484:ERROR:process_reader_win.cc(242)] ReadMemory at 0x7ffad6d60000 of 64 bytes failed: ReadProcessMemory ¶Ç´Â WriteProcessMemoryÀÇ ÀÏºÎ ÀÛ¾÷¸¸À» ¸¶ÃÆ½À´Ï´Ù. (0x12B)
[0918/173133.484:WARNING:pe_image_reader.cc(302)] could not read dos header from C:\WINDOWS\SYSTEM32\WINMMBASE.dll
[0918/173133.484:ERROR:process_reader_win.cc(242)] ReadMemory at 0x7ffadffb0000 of 64 bytes failed: ReadProcessMemory ¶Ç´Â WriteProcessMemoryÀÇ ÀÏºÎ ÀÛ¾÷¸¸À» ¸¶ÃÆ½À´Ï´Ù. (0x12B)
[0918/173133.484:WARNING:pe_image_reader.cc(302)] could not read dos header from C:\WINDOWS\SYSTEM32\CRYPTBASE.DLL
[0918/173133.484:ERROR:process_reader_win.cc(242)] ReadMemory at 0x7ffae1760000 of 64 bytes failed: ReadProcessMemory ¶Ç´Â WriteProcessMemoryÀÇ ÀÏºÎ ÀÛ¾÷¸¸À» ¸¶ÃÆ½À´Ï´Ù. (0x12B)
[0918/173133.484:WARNING:pe_image_reader.cc(302)] could not read dos header from C:\WINDOWS\System32\IMM32.DLL
[0918/173133.484:ERROR:process_reader_win.cc(242)] ReadMemory at 0x7ffa99a90000 of 64 bytes failed: ReadProcessMemory ¶Ç´Â WriteProcessMemoryÀÇ ÀÏºÎ ÀÛ¾÷¸¸À» ¸¶ÃÆ½À´Ï´Ù. (0x12B)
[0918/173133.484:WARNING:pe_image_reader.cc(302)] could not read dos header from C:\Program Files (x86)\Google\Chrome\Application\68.0.3440.106\chrome_child.dll
[0918/173133.484:ERROR:process_reader_win.cc(242)] ReadMemory at 0x7ffae36f0000 of 64 bytes failed: ReadProcessMemory ¶Ç´Â WriteProcessMemoryÀÇ ÀÏºÎ ÀÛ¾÷¸¸À» ¸¶ÃÆ½À´Ï´Ù. (0x12B)
[0918/173133.484:WARNING:pe_image_reader.cc(302)] could not read dos header from C:\WINDOWS\System32\ole32.dll
[0918/173133.484:ERROR:process_reader_win.cc(242)] ReadMemory at 0x7ffae3a10000 of 64 bytes failed: ReadProcessMemory ¶Ç´Â WriteProcessMemoryÀÇ ÀÏºÎ ÀÛ¾÷¸¸À» ¸¶ÃÆ½À´Ï´Ù. (0x12B)
[0918/173133.484:WARNING:pe_image_reader.cc(302)] could not read dos header from C:\WINDOWS\System32\WS2_32.dll
[0918/173133.484:ERROR:process_reader_win.cc(242)] ReadMemory at 0x7ffae1920000 of 64 bytes failed: ReadProcessMemory ¶Ç´Â WriteProcessMemoryÀÇ ÀÏºÎ ÀÛ¾÷¸¸À» ¸¶ÃÆ½À´Ï´Ù. (0x12B)
[0918/173133.484:WARNING:pe_image_reader.cc(302)] could not read dos header from C:\WINDOWS\System32\OLEAUT32.dll
[0918/173133.484:ERROR:process_reader_win.cc(242)] ReadMemory at 0x7ffae0b00000 of 64 bytes failed: ReadProcessMemory ¶Ç´Â WriteProcessMemoryÀÇ ÀÏºÎ ÀÛ¾÷¸¸À» ¸¶ÃÆ½À´Ï´Ù. (0x12B)
[0918/173133.484:WARNING:pe_image_reader.cc(302)] could not read dos header from C:\WINDOWS\System32\WINTRUST.dll
[0918/173133.485:ERROR:process_reader_win.cc(242)] ReadMemory at 0x7ffae05d0000 of 64 bytes failed: ReadProcessMemory ¶Ç´Â WriteProcessMemoryÀÇ ÀÏºÎ ÀÛ¾÷¸¸À» ¸¶ÃÆ½À´Ï´Ù. (0x12B)
[0918/173133.485:WARNING:pe_image_reader.cc(302)] could not read dos header from C:\WINDOWS\System32\MSASN1.dll
[0918/173133.485:ERROR:process_reader_win.cc(242)] ReadMemory at 0x7ffae0910000 of 64 bytes failed: ReadProcessMemory ¶Ç´Â WriteProcessMemoryÀÇ ÀÏºÎ ÀÛ¾÷¸¸À» ¸¶ÃÆ½À´Ï´Ù. (0x12B)
[0918/173133.485:WARNING:pe_image_reader.cc(302)] could not read dos header from C:\WINDOWS\System32\CRYPT32.dll
[0918/173133.485:ERROR:process_reader_win.cc(242)] ReadMemory at 0x176d2030000 of 64 bytes failed: ReadProcessMemory ¶Ç´Â WriteProcessMemoryÀÇ ÀÏºÎ ÀÛ¾÷¸¸À» ¸¶ÃÆ½À´Ï´Ù. (0x12B)
[0918/173133.485:WARNING:pe_image_reader.cc(302)] could not read dos header from C:\WINDOWS\System32\COMDLG32.dll
[0918/173133.485:ERROR:process_reader_win.cc(242)] ReadMemory at 0x7ffad8460000 of 64 bytes failed: ReadProcessMemory ¶Ç´Â WriteProcessMemoryÀÇ ÀÏºÎ ÀÛ¾÷¸¸À» ¸¶ÃÆ½À´Ï´Ù. (0x12B)
[0918/173133.485:WARNING:pe_image_reader.cc(302)] could not read dos header from C:\WINDOWS\SYSTEM32\msdmo.dll
[0918/173133.485:ERROR:process_reader_win.cc(242)] ReadMemory at 0x7ffad0250000 of 64 bytes failed: ReadProcessMemory ¶Ç´Â WriteProcessMemoryÀÇ ÀÏºÎ ÀÛ¾÷¸¸À» ¸¶ÃÆ½À´Ï´Ù. (0x12B)
[0918/173133.485:WARNING:pe_image_reader.cc(302)] could not read dos header from C:\WINDOWS\WinSxS\amd64_microsoft.windows.common-controls_6595b64144ccf1df_6.0.17134.285_none_fb4297e330656775\COMCTL32.dll
[0918/173133.485:ERROR:process_reader_win.cc(242)] ReadMemory at 0x7ffadfb20000 of 64 bytes failed: ReadProcessMemory ¶Ç´Â WriteProcessMemoryÀÇ ÀÏºÎ ÀÛ¾÷¸¸À» ¸¶ÃÆ½À´Ï´Ù. (0x12B)
[0918/173133.485:WARNING:pe_image_reader.cc(302)] could not read dos header from C:\WINDOWS\SYSTEM32\IPHLPAPI.DLL
[0918/173133.485:ERROR:process_reader_win.cc(242)] ReadMemory at 0x7ffac8f80000 of 64 bytes failed: ReadProcessMemory ¶Ç´Â WriteProcessMemoryÀÇ ÀÏºÎ ÀÛ¾÷¸¸À» ¸¶ÃÆ½À´Ï´Ù. (0x12B)
[0918/173133.485:WARNING:pe_image_reader.cc(302)] could not read dos header from C:\WINDOWS\SYSTEM32\DWrite.dll
[0918/173133.485:ERROR:process_reader_win.cc(242)] ReadMemory at 0x7ffad6fe0000 of 64 bytes failed: ReadProcessMemory ¶Ç´Â WriteProcessMemoryÀÇ ÀÏºÎ ÀÛ¾÷¸¸À» ¸¶ÃÆ½À´Ï´Ù. (0x12B)
[0918/173133.485:WARNING:pe_image_reader.cc(302)] could not read dos header from C:\WINDOWS\SYSTEM32\WINSPOOL.DRV
[0918/173133.485:ERROR:process_reader_win.cc(242)] ReadMemory at 0x7ffadef80000 of 64 bytes failed: ReadProcessMemory ¶Ç´Â WriteProcessMemoryÀÇ ÀÏºÎ ÀÛ¾÷¸¸À» ¸¶ÃÆ½À´Ï´Ù. (0x12B)
[0918/173133.485:WARNING:pe_image_reader.cc(302)] could not read dos header from C:\WINDOWS\SYSTEM32\dbghelp.dll
[0918/173133.485:ERROR:process_reader_win.cc(242)] ReadMemory at 0x7ffacdc20000 of 64 bytes failed: ReadProcessMemory ¶Ç´Â WriteProcessMemoryÀÇ ÀÏºÎ ÀÛ¾÷¸¸À» ¸¶ÃÆ½À´Ï´Ù. (0x12B)
[0918/173133.485:WARNING:pe_image_reader.cc(302)] could not read dos header from C:\WINDOWS\SYSTEM32\USP10.dll
[0918/173133.485:ERROR:process_reader_win.cc(242)] ReadMemory at 0x7ffadf340000 of 64 bytes failed: ReadProcessMemory ¶Ç´Â WriteProcessMemoryÀÇ ÀÏºÎ ÀÛ¾÷¸¸À» ¸¶ÃÆ½À´Ï´Ù. (0x12B)
[0918/173133.485:WARNING:pe_image_reader.cc(302)] could not read dos header from C:\WINDOWS\SYSTEM32\dxgi.dll
[0918/173133.485:ERROR:process_reader_win.cc(242)] ReadMemory at 0x7ffad6b70000 of 64 bytes failed: ReadProcessMemory ¶Ç´Â WriteProcessMemoryÀÇ ÀÏºÎ ÀÛ¾÷¸¸À» ¸¶ÃÆ½À´Ï´Ù. (0x12B)
[0918/173133.485:WARNING:pe_image_reader.cc(302)] could not read dos header from C:\WINDOWS\SYSTEM32\urlmon.dll
[0918/173133.485:ERROR:process_reader_win.cc(242)] ReadMemory at 0x7ffad7d60000 of 64 bytes failed: ReadProcessMemory ¶Ç´Â WriteProcessMemoryÀÇ ÀÏºÎ ÀÛ¾÷¸¸À» ¸¶ÃÆ½À´Ï´Ù. (0x12B)
[0918/173133.485:WARNING:pe_image_reader.cc(302)] could not read dos header from C:\WINDOWS\SYSTEM32\Secur32.dll
[0918/173133.485:ERROR:process_reader_win.cc(242)] ReadMemory at 0x7ffad9930000 of 64 bytes failed: ReadProcessMemory ¶Ç´Â WriteProcessMemoryÀÇ ÀÏºÎ ÀÛ¾÷¸¸À» ¸¶ÃÆ½À´Ï´Ù. (0x12B)
[0918/173133.485:WARNING:pe_image_reader.cc(302)] could not read dos header from C:\WINDOWS\SYSTEM32\dhcpcsvc.DLL
[0918/173133.485:ERROR:process_reader_win.cc(242)] ReadMemory at 0x7ffae38b0000 of 64 bytes failed: ReadProcessMemory ¶Ç´Â WriteProcessMemoryÀÇ ÀÏºÎ ÀÛ¾÷¸¸À» ¸¶ÃÆ½À´Ï´Ù. (0x12B)
[0918/173133.485:WARNING:pe_image_reader.cc(302)] could not read dos header from C:\WINDOWS\System32\NSI.dll
[0918/173133.485:ERROR:process_reader_win.cc(242)] ReadMemory at 0x7ffaddf70000 of 64 bytes failed: ReadProcessMemory ¶Ç´Â WriteProcessMemoryÀÇ ÀÏºÎ ÀÛ¾÷¸¸À» ¸¶ÃÆ½À´Ï´Ù. (0x12B)
[0918/173133.485:WARNING:pe_image_reader.cc(302)] could not read dos header from C:\WINDOWS\SYSTEM32\PROPSYS.dll
[0918/173133.485:ERROR:process_reader_win.cc(242)] ReadMemory at 0x7ffae00e0000 of 64 bytes failed: ReadProcessMemory ¶Ç´Â WriteProcessMemoryÀÇ ÀÏºÎ ÀÛ¾÷¸¸À» ¸¶ÃÆ½À´Ï´Ù. (0x12B)
[0918/173133.485:WARNING:pe_image_reader.cc(302)] could not read dos header from C:\WINDOWS\SYSTEM32\bcrypt.dll
[0918/173133.485:ERROR:process_reader_win.cc(242)] ReadMemory at 0x7ffad5b50000 of 64 bytes failed: ReadProcessMemory ¶Ç´Â WriteProcessMemoryÀÇ ÀÏºÎ ÀÛ¾÷¸¸À» ¸¶ÃÆ½À´Ï´Ù. (0x12B)
[0918/173133.485:WARNING:pe_image_reader.cc(302)] could not read dos header from C:\WINDOWS\SYSTEM32\iertutil.dll
[0918/173133.485:ERROR:process_reader_win.cc(242)] ReadMemory at 0x7ffae04b0000 of 64 bytes failed: ReadProcessMemory ¶Ç´Â WriteProcessMemoryÀÇ ÀÏºÎ ÀÛ¾÷¸¸À» ¸¶ÃÆ½À´Ï´Ù. (0x12B)
[0918/173133.485:WARNING:pe_image_reader.cc(302)] could not read dos header from C:\WINDOWS\SYSTEM32\SSPICLI.DLL
[0918/173133.502:ERROR:process_reader_win.cc(242)] ReadMemory at 0x1f635e4000 of 114688 bytes failed: ReadProcessMemory ¶Ç´Â WriteProcessMemoryÀÇ ÀÏºÎ ÀÛ¾÷¸¸À» ¸¶ÃÆ½À´Ï´Ù. (0x12B)
[0918/173133.502:ERROR:crash_report_exception_handler.cc(111)] WriteEverything failed
[0918/173133.503:ERROR:filesystem_win.cc(148)] DeleteFile C:\Users\ì¡°ìœ ì„ \AppData\Local\Temp\scoped_dir16800_16062\Crashpad\reports\0066b82e-7586-40af-9ba7-2381cafa1989.dmp: ´Ù¸¥ ÇÁ·Î¼¼½º°¡ ÆÄÀÏÀ» »ç¿ë ÁßÀÌ±â ¶§¹®¿¡ ÇÁ·Î¼¼½º°¡ ¾×¼¼½º ÇÒ ¼ö ¾ø½À´Ï´Ù. (0x20)
[0918/173133.504:ERROR:scoped_process_suspend.cc(40)] NtResumeProcess: ±âÁ¸ ÇÁ·Î¼¼½º¿¡ ¾×¼¼½ºÇÏ·Á°í Çß½À´Ï´Ù. (0xc000010a)
